https://www.youtube.com/watch?v=wF36WOPeXk4
https://www.youtube.com/watch?v=v6_pbTeUtR0
https://www.youtube.com/watch?v=TQzlCmch_Eg
https://www.youtube.com/watch?v=Zq9fsVYBGlA
https://www.youtube.com/watch?v=rnsvUeEWNDY
https://www.youtube.com/watch?v=wF36WOPeXk4
https://www.youtube.com/watch?v=wF36WOPeXk4
https://www.youtube.com/watch?v=nqX97Hdlf0Y
https://www.youtube.com/watch?v=KyhTpiIpXmo
https://www.youtube.com/watch?v=uqEKTD0r3ps
https://www.youtube.com/watch?v=wF36WOPeXk4
https://www.youtube.com/watch?v=nqX97Hdlf0Y
https://www.youtube.com/watch?v=KyhTpiIpXmo
https://www.youtube.com/watch?v=wF36WOPeXk4
https://www.youtube.com/watch?v=nqX97Hdlf0Y
https://www.youtube.com/watch?v=KyhTpiIpXmo
https://www.youtube.com/watch?v=uqEKTD0r3ps
https://www.youtube.com/watch?v=Kmra5bwir1U
https://www.youtube.com/watch?v=gjf_JX_Ziwo
https://www.youtube.com/watch?v=YsMNkNS_-RE
https://www.youtube.com/watch?v=qrq1nazFEaA
https://www.youtube.com/watch?v=KIRX31nEJ8M
https://www.youtube.com/watch?v=_xJfjMm2I5o
https://www.youtube.com/watch?v=swaUaEp3Go0
https://www.youtube.com/watch?v=v6_pbTeUtR0
https://www.youtube.com/watch?v=TQzlCmch_Eg
https://www.youtube.com/watch?v=Zq9fsVYBGlA
https://www.youtube.com/watch?v=rnsvUeEWNDY
https://www.youtube.com/watch?v=nqX97Hdlf0Y
https://www.youtube.com/watch?v=7cZGO20dA2Q
https://www.youtube.com/watch?v=K1tJxj7jRNA
https://www.youtube.com/watch?v=YxaClhdYh2Y
https://www.youtube.com/watch?v=pvY-8Hg2BnM
https://www.youtube.com/watch?v=_MqXMKoOv_M
https://www.youtube.com/watch?v=rqan-d2D-yc
https://www.youtube.com/watch?v=vgUG0n4lvs4
https://www.youtube.com/watch?v=EjSl1HUMQP8
https://www.youtube.com/watch?v=Xa48tjnXFpg
https://www.youtube.com/watch?v=nais52XP-A4
https://www.youtube.com/watch?v=nqX97Hdlf0Y
https://www.youtube.com/watch?v=5DX0ypJ2O-Y
https://www.youtube.com/watch?v=t4yOI4NkhDQ
https://www.youtube.com/watch?v=nHHbftJF23A
https://www.youtube.com/watch?v=iVIiuthBZ4M
https://www.youtube.com/watch?v=F6446kc8dQU
https://www.youtube.com/watch?v=IVIrB48aLpo
https://www.youtube.com/watch?v=FuO66nYcPWA
https://www.youtube.com/watch?v=8F9DbvVagHE
https://www.youtube.com/watch?v=exMsYGfvUSQ
https://www.youtube.com/watch?v=Ox5zFMUOPRY
https://www.youtube.com/watch?v=o-Q33kX5cnM
https://www.youtube.com/watch?v=CqqHLxfX56I
https://www.youtube.com/watch?v=FuO66nYcPWA
https://www.youtube.com/watch?v=7mPKBwbGsus
https://www.youtube.com/watch?v=PkXLMzMA3Z0
https://www.youtube.com/watch?v=lOARI65L2dI
https://www.youtube.com/watch?v=dlvEy82FPEg
https://www.youtube.com/watch?v=92h7ywCCRuY
