https://www.youtube.com/watch?v=T8HxAMd1xe8
https://www.youtube.com/watch?v=92h7ywCCRuY
https://www.youtube.com/watch?v=q8DI53R3uVU
https://www.youtube.com/watch?v=P2Q66jfyfds
https://www.youtube.com/watch?v=ceekjarSEUg
https://www.youtube.com/watch?v=T8HxAMd1xe8
https://www.youtube.com/watch?v=Fo2oxhPnrBQ
https://www.youtube.com/watch?v=oFQu3YA2hrQ
https://www.youtube.com/watch?v=6kULk3mmV6c
https://www.youtube.com/watch?v=EARZ5xHYsTU
https://www.youtube.com/watch?v=UExko6dg5UE
https://www.youtube.com/watch?v=IzbWTERvUSk
https://www.youtube.com/watch?v=Ff8CB8vbEVk
https://www.youtube.com/watch?v=2-2v7hATNNo
https://www.youtube.com/watch?v=VqOrDI75BCs
https://www.youtube.com/watch?v=yFt4tO1eK8o
https://www.youtube.com/watch?v=DYW3KdhDfYo
https://www.youtube.com/watch?v=u1xcAJIpquw
https://www.youtube.com/watch?v=I5MHlK1Vn5w
https://www.youtube.com/watch?v=T8HxAMd1xe8
https://www.youtube.com/watch?v=DyZ0NMIS2TQ
https://www.youtube.com/watch?v=q8DI53R3uVU
https://www.youtube.com/watch?v=B_7qXkLL-zQ
https://www.youtube.com/watch?v=P2Q66jfyfds
https://www.youtube.com/watch?v=oVdLAt6-1kA
https://www.youtube.com/watch?v=Fo2oxhPnrBQ
https://www.youtube.com/watch?v=EuNI0knuxRE
https://www.youtube.com/watch?v=ssjyVXkdKfg
https://www.youtube.com/watch?v=B_7qXkLL-zQ
https://www.youtube.com/watch?v=EARZ5xHYsTU
https://www.youtube.com/watch?v=UExko6dg5UE
https://www.youtube.com/watch?v=qKIfuNHeZZI
https://www.youtube.com/watch?v=2-2v7hATNNo
https://www.youtube.com/watch?v=hPixAvnMlAs
https://www.youtube.com/watch?v=fW3o9pqvCWc
https://www.youtube.com/watch?v=u1xcAJIpquw
https://www.youtube.com/watch?v=hPixAvnMlAs
https://www.youtube.com/watch?v=oznmxu9I56w
https://www.youtube.com/watch?v=ixUlAsRwX-U
https://www.youtube.com/watch?v=I5MHlK1Vn5w
https://www.youtube.com/watch?v=qkRPCE-ELuw
https://www.youtube.com/watch?v=Qy6f_LnSY8k
https://www.youtube.com/watch?v=thr2J5xKJXQ
https://www.youtube.com/watch?v=GGPCZOMrLY8
https://www.youtube.com/watch?v=8X6oUArWH24
https://www.youtube.com/watch?v=dhH6Nwp2Bgc
https://www.youtube.com/watch?v=jgRAKGDl2PY
https://www.youtube.com/watch?v=zEm6cwk_RX4
https://www.youtube.com/watch?v=9pLzl_P8EcQ
https://www.youtube.com/watch?v=ARjxOFBBQ1U
https://www.youtube.com/watch?v=EQdIwpmR8sU
https://www.youtube.com/watch?v=oi3rQBCCuIg
https://www.youtube.com/watch?v=D80cIpRAUrg
https://www.youtube.com/watch?v=KTgVuWICvTQ
https://www.youtube.com/watch?v=6VC7N2w8-hI
https://www.youtube.com/watch?v=pl6qyvZMp_A
https://www.youtube.com/watch?v=VcmG_07PwMw
https://www.youtube.com/watch?v=yY3rUfUk7gw
https://www.youtube.com/watch?v=E39JHh0rzWE
https://www.youtube.com/watch?v=o0ev7nN5rI4
https://www.youtube.com/watch?v=qmUxYzTFHh0
https://www.youtube.com/watch?v=MUwOyna0XpQ
https://www.youtube.com/watch?v=2SPgndraEuQ
https://www.youtube.com/watch?v=6S9NcB0jNnQ
https://www.youtube.com/watch?v=iXiWoH3JhCk
https://www.youtube.com/watch?v=XTY2XQyjDXw
https://www.youtube.com/watch?v=hzD7CrJRJRY
https://www.youtube.com/watch?v=Bp3zQOX4Qbc
https://www.youtube.com/watch?v=KTgVuWICvTQ
https://www.youtube.com/watch?v=Fe2eF2RfiHc
https://www.youtube.com/watch?v=QZCfcyhboI4
https://www.youtube.com/watch?v=yFgBBfL88TU
https://www.youtube.com/watch?v=w8kGyjMMY9s
https://www.youtube.com/watch?v=QwwX8A0FGfw
https://www.youtube.com/watch?v=oIKEkI3Avvw
https://www.youtube.com/watch?v=PX9XqO41Iqo
https://www.youtube.com/watch?v=7Rzi36Wpt1U
https://www.youtube.com/watch?v=-wpkPIGViEc
https://www.youtube.com/watch?v=wnWZjpa7ROc
https://www.youtube.com/watch?v=nR_QOzaJ0CI
https://www.youtube.com/watch?v=0bQrwnnEt-w
https://www.youtube.com/watch?v=DyAPqJPTV-E
https://www.youtube.com/watch?v=0eHFXa7_fps
https://www.youtube.com/watch?v=6S9NcB0jNnQ
https://www.youtube.com/watch?v=4k_bTPdUoUI
https://www.youtube.com/watch?v=MKqUhkbaACA
https://www.youtube.com/watch?v=vKQ__PL3Bvk
https://www.youtube.com/watch?v=6O98rmICEP8
https://www.youtube.com/watch?v=0Ml33mGPYnk
https://www.youtube.com/watch?v=LzaOIkyQUP0
https://www.youtube.com/watch?v=9o8XusgYTns
https://www.youtube.com/watch?v=KkTycBmxESg
https://www.youtube.com/watch?v=G0EST7o3EOc
https://www.youtube.com/watch?v=7N7G1UfA9ls
https://www.youtube.com/watch?v=VngwiebQ-TM
https://www.youtube.com/watch?v=JgmosHGkLYQ
https://www.youtube.com/watch?v=hGh24hnxGjg
https://www.youtube.com/watch?v=qTkXbv9dpFo
https://www.youtube.com/watch?v=vBDPcTUTeZ0
https://www.youtube.com/watch?v=zylfbWGkDLE
https://www.youtube.com/watch?v=p-lX1A6U1Oo
https://www.youtube.com/watch?v=ZkO5Nn2Lmzo
https://www.youtube.com/watch?v=sZWfJSo6aNg
https://www.youtube.com/watch?v=R1IB0Gq9g5U
https://www.youtube.com/watch?v=p1iwtEc0_uw
https://www.youtube.com/watch?v=yILshCf4TU0
https://www.youtube.com/watch?v=MKqUhkbaACA
https://www.youtube.com/watch?v=Q-BUfJUX2Qc
https://www.youtube.com/watch?v=wZWyaV00ZDw
https://www.youtube.com/watch?v=Q-BUfJUX2Qc
https://www.youtube.com/watch?v=JWGTNHExwIc
https://www.youtube.com/watch?v=e8pl7h_pO5g
https://www.youtube.com/watch?v=C_4WgHzO8mI
https://www.youtube.com/watch?v=4C1W9qQgR3s
https://www.youtube.com/watch?v=-FfAIGEYNXw
https://www.youtube.com/watch?v=zylfbWGkDLE
https://www.youtube.com/watch?v=iPCj0ru9Tlc
https://www.youtube.com/watch?v=Ge48TKwETwE
https://www.youtube.com/watch?v=j2-aurNVUsI
https://www.youtube.com/watch?v=9rN0kY9wQUU
https://www.youtube.com/watch?v=zSWxeu7Nzcc
https://www.youtube.com/watch?v=E0P4P0Z42j4
https://www.youtube.com/watch?v=L-39Ww89TOQ
https://www.youtube.com/watch?v=HzdpB1EuNEM
https://www.youtube.com/watch?v=DtAhZDpssdM
https://www.youtube.com/watch?v=R1IB0Gq9g5U
https://www.youtube.com/watch?v=MSz00kVJpTM
https://www.youtube.com/watch?v=GoB0eRxcA_A
https://www.youtube.com/watch?v=Bn9F22MW0Oo
https://www.youtube.com/watch?v=CYUUy8lzlE0
https://www.youtube.com/watch?v=qd2D1sdL6MA
https://www.youtube.com/watch?v=esbsDqzxD8o
https://www.youtube.com/watch?v=Ehpq2cz__s0
https://www.youtube.com/watch?v=YgdAFO2eX7Q
https://www.youtube.com/watch?v=Ys-MTZHU3Ss
https://www.youtube.com/watch?v=dEmLiqVF5Ao
https://www.youtube.com/watch?v=UCX4GHPTMWg
https://www.youtube.com/watch?v=m9rBOgkxP9w
https://www.youtube.com/watch?v=ImGO5j7W_0Y
https://www.youtube.com/watch?v=bOXhYMSN2AY
https://www.youtube.com/watch?v=3ei_pVycn4U
https://www.youtube.com/watch?v=fTb8JL321g8
https://www.youtube.com/watch?v=6ZtfgJ9tgKE
https://www.youtube.com/watch?v=Xb3YfGzATwg
https://www.youtube.com/watch?v=j2-aurNVUsI
https://www.youtube.com/watch?v=qmbBdAsHq44
https://www.youtube.com/watch?v=NSlLkCInkyk
https://www.youtube.com/watch?v=LoyQlQwHsEU
https://www.youtube.com/watch?v=q6jJOE4qtJE
https://www.youtube.com/watch?v=fubuF7mlNkM
https://www.youtube.com/watch?v=ZOcGcMY5NCA
https://www.youtube.com/watch?v=JFmEvglNYy8
https://www.youtube.com/watch?v=xnUaYfOGLbg
https://www.youtube.com/watch?v=MhIk5tRHitg
https://www.youtube.com/watch?v=vAhlGner3s4
https://www.youtube.com/watch?v=vZd7nvUMlEY
https://www.youtube.com/watch?v=b9z5rKE15Wg
https://www.youtube.com/watch?v=Jb5DwRt1KQQ
https://www.youtube.com/watch?v=d0Bn9FmnA8E
https://www.youtube.com/watch?v=JFmEvglNYy8
https://www.youtube.com/watch?v=fflkIHDcccw
https://www.youtube.com/watch?v=c1kEhLaJWLM
https://www.youtube.com/watch?v=I7hrr5pFVwk
https://www.youtube.com/watch?v=D_IWeUc66IE
https://www.youtube.com/watch?v=95tMOMFx558
https://www.youtube.com/watch?v=ydhtsmliqDk
https://www.youtube.com/watch?v=nDNFbkhnbPk
https://www.youtube.com/watch?v=vUqvGAXXc54
https://www.youtube.com/watch?v=TKJ8GD8KefU
https://www.youtube.com/watch?v=c1kEhLaJWLM
https://www.youtube.com/watch?v=3Y_nfvEeNGc
https://www.youtube.com/watch?v=lAbZqaubwX0
https://www.youtube.com/watch?v=yqF3kc0uxtM
https://www.youtube.com/watch?v=xHZDGLcMcxs
https://www.youtube.com/watch?v=Elrps9iSMwY
https://www.youtube.com/watch?v=1SGhclzIwVE
https://www.youtube.com/watch?v=Dkkofd3jdbw
https://www.youtube.com/watch?v=XHVaGH5o5x4
https://www.youtube.com/watch?v=9Gol9ykZb3I
https://www.youtube.com/watch?v=cT58ocyKBz0
https://www.youtube.com/watch?v=CSF3irtukNo
https://www.youtube.com/watch?v=D_IWeUc66IE
https://www.youtube.com/watch?v=qApsfX7O7BA
https://www.youtube.com/watch?v=4k0vAmI7UAI
https://www.youtube.com/watch?v=pklzvrA7HOM
https://www.youtube.com/watch?v=dC1fFJPMPEQ
https://www.youtube.com/watch?v=ukB4kjxGBsY
https://www.youtube.com/watch?v=NgqbUjcpwVg
https://www.youtube.com/watch?v=kObSBjsCbwo
https://www.youtube.com/watch?v=cT58ocyKBz0
https://www.youtube.com/watch?v=StEaQKBGu-s
https://www.youtube.com/watch?v=NnP4_6C0ApY
https://www.youtube.com/watch?v=GzSzAl5v3hw
https://www.youtube.com/watch?v=f8RF9WK7Pck
https://www.youtube.com/watch?v=-flTAFwiWkY
https://www.youtube.com/watch?v=fabIZOYgNOw
https://www.youtube.com/watch?v=A0idmi2MI0Q
https://www.youtube.com/watch?v=6F8Rg8mKzrM
https://www.youtube.com/watch?v=H_MzX6Iu3kY
https://www.youtube.com/watch?v=CAn3gNoECm8
https://www.youtube.com/watch?v=2uydnXYK7Rw
https://www.youtube.com/watch?v=L4ek_Mb8bbA
https://www.youtube.com/watch?v=0Htn1hx2T3o
https://www.youtube.com/watch?v=blkNCVkf6KA
https://www.youtube.com/watch?v=SHFMxDBnz9o
https://www.youtube.com/watch?v=XHVaGH5o5x4
https://www.youtube.com/watch?v=KswswEVp_Ks
https://www.youtube.com/watch?v=fSPEk7mpGF0
https://www.youtube.com/watch?v=pMQb4-_m8Iw
https://www.youtube.com/watch?v=OnJyx1coQAc
https://www.youtube.com/watch?v=53rQ72P1A1k
https://www.youtube.com/watch?v=caoYm1bqKz4
https://www.youtube.com/watch?v=e9RnHpejm8E
https://www.youtube.com/watch?v=8iNOEQLsqTg
https://www.youtube.com/watch?v=fSPEk7mpGF0
https://www.youtube.com/watch?v=KFjm6eKXQZ4
https://www.youtube.com/watch?v=fSPEk7mpGF0
https://www.youtube.com/watch?v=w3cdXaDvehU
https://www.youtube.com/watch?v=AV5AVWf2ni8
https://www.youtube.com/watch?v=m-InLuUi5I4
https://www.youtube.com/watch?v=qVer8vJ3Lf0
https://www.youtube.com/watch?v=JYIbNrvfzIY
https://www.youtube.com/watch?v=CQ8MAW4BAME
https://www.youtube.com/watch?v=BmWnC0MRVgg
https://www.youtube.com/watch?v=RuEGt4wt1qs
https://www.youtube.com/watch?v=PkIH850yzgA
https://www.youtube.com/watch?v=oAPW2juHnt8
https://www.youtube.com/watch?v=aGkB4cOLaIk
https://www.youtube.com/watch?v=NynKz-GaOSU
https://www.youtube.com/watch?v=BFRPj37j-8s
https://www.youtube.com/watch?v=D8z5r4tvlw8
https://www.youtube.com/watch?v=u6deUhxw71M
https://www.youtube.com/watch?v=EtMtWS-JkjY
https://www.youtube.com/watch?v=IVLrn8YiPxk
https://www.youtube.com/watch?v=gQGutdiAsGE
https://www.youtube.com/watch?v=Xt-80NBinr0
https://www.youtube.com/watch?v=jAWCsgIG-lc
https://www.youtube.com/watch?v=5tjgGvLEqdI
https://www.youtube.com/watch?v=F2SX7GuH08I
https://www.youtube.com/watch?v=mmqAbfY_AqU
https://www.youtube.com/watch?v=ZWyo0QgFVIk
https://www.youtube.com/watch?v=-WdKW3VTDlI
https://www.youtube.com/watch?v=ytr17yVco60
https://www.youtube.com/watch?v=RJ45m1QnYXM
https://www.youtube.com/watch?v=PIYo6AP1B0g
https://www.youtube.com/watch?v=Ip72yknUUko
https://www.youtube.com/watch?v=wicMZ8bDR-o
https://www.youtube.com/watch?v=VueVjNrsX4M
https://www.youtube.com/watch?v=eUoKH4duR6Y
https://www.youtube.com/watch?v=JCsOYHrUVLA
https://www.youtube.com/watch?v=NjO7LdyBgAA
https://www.youtube.com/watch?v=OU9qHKpDuC4
https://www.youtube.com/watch?v=ONjd4blAE9Q
https://www.youtube.com/watch?v=S6c8uhQcwPY
https://www.youtube.com/watch?v=gQGutdiAsGE
https://www.youtube.com/watch?v=dw6ajww41Qg
https://www.youtube.com/watch?v=zpef2T78E1w
https://www.youtube.com/watch?v=hxVOaPtrBtU
https://www.youtube.com/watch?v=rV7__ofoENk
https://www.youtube.com/watch?v=_sdxIxcvers
https://www.youtube.com/watch?v=WLnZiDaJnak
https://www.youtube.com/watch?v=WLnZiDaJnak
https://www.youtube.com/watch?v=Otww3vMhfTE
https://www.youtube.com/watch?v=kUoUEMrPMQE
https://www.youtube.com/watch?v=HxMYZCvvHTU
https://www.youtube.com/watch?v=kUoUEMrPMQE
https://www.youtube.com/watch?v=WLnZiDaJnak
https://www.youtube.com/watch?v=kUoUEMrPMQE
https://www.youtube.com/watch?v=7B9zjudM7_o
https://www.youtube.com/watch?v=7B9zjudM7_o
https://www.youtube.com/watch?v=cC1NnNckYfo
https://www.youtube.com/watch?v=cC1NnNckYfo
https://www.youtube.com/watch?v=cC1NnNckYfo
https://www.youtube.com/watch?v=cC1NnNckYfo
https://www.youtube.com/watch?v=cC1NnNckYfo
https://www.youtube.com/watch?v=AeTqBzrc7RM
https://www.youtube.com/watch?v=AeTqBzrc7RM

https://www.youtube.com/watch?v=AeTqBzrc7RM

https://www.youtube.com/watch?v=AeTqBzrc7RM

https://www.youtube.com/watch?v=AeTqBzrc7RM

https://www.youtube.com/watch?v=AeTqBzrc7RM

https://www.youtube.com/watch?v=AeTqBzrc7RM

https://www.youtube.com/watch?v=AeTqBzrc7RM

https://www.youtube.com/watch?v=AeTqBzrc7RM

